<?xml version="1.0" encoding="UTF-8"?>
<!-- Generated by org.testng.reporters.JUnitReportReporter -->
<testsuite hostname="Pors-MBP.fios-router.home" failures="0" tests="1" name="testCases.Homework_Amazon" time="12.642" errors="0" timestamp="2021-12-04T12:21:59 EST" skipped="0">
  <testcase classname="testCases.Homework_Amazon" name="task" time="12.642"/>
  <system-out/>
</testsuite> <!-- testCases.Homework_Amazon -->
