<?xml version="1.0" encoding="UTF-8"?>
<!-- Generated by org.testng.reporters.JUnitReportReporter -->
<testsuite hostname="Pors-MBP" failures="0" tests="2" name="testCases.TestNG_Anotation" time="0.012" errors="0" timestamp="2021-12-09T19:40:50 EST" skipped="0">
  <testcase classname="testCases.TestNG_Anotation" name="Test1" time="0.009"/>
  <system-out/>
  <testcase classname="testCases.TestNG_Anotation" name="Test2" time="0.003"/>
  <system-out/>
</testsuite> <!-- testCases.TestNG_Anotation -->
