<?xml version="1.0" encoding="UTF-8"?>
<!-- Generated by org.testng.reporters.JUnitReportReporter -->
<testsuite hostname="Pors-MBP.fios-router.home" failures="0" tests="1" name="testCases.Homework_POM" time="11.294" errors="0" timestamp="2021-12-06T11:42:51 EST" skipped="0">
  <testcase classname="testCases.Homework_POM" name="login" time="11.294"/>
  <system-out/>
</testsuite> <!-- testCases.Homework_POM -->
