<?xml version="1.0" encoding="UTF-8"?>
<!-- Generated by org.testng.reporters.JUnitReportReporter -->
<testsuite hostname="Pors-MBP.fios-router.home" failures="0" tests="1" name="testCases.OpenBrowers" time="7.665" errors="0" timestamp="2021-12-02T16:24:54 EST" skipped="0">
  <testcase classname="testCases.OpenBrowers" name="test1" time="7.665"/>
  <system-out/>
</testsuite> <!-- testCases.OpenBrowers -->
